[debug] [2023-11-29T09:48:05.193Z] ----------------------------------------------------------------------
[debug] [2023-11-29T09:48:05.195Z] Command:       C:\Program Files\nodejs\node.exe C:\Users\Sergi\AppData\Roaming\npm\node_modules\firebase-tools\lib\bin\firebase.js init
[debug] [2023-11-29T09:48:05.195Z] CLI Version:   12.9.1
[debug] [2023-11-29T09:48:05.196Z] Platform:      win32
[debug] [2023-11-29T09:48:05.196Z] Node Version:  v18.13.0
[debug] [2023-11-29T09:48:05.197Z] Time:          Wed Nov 29 2023 10:48:05 GMT+0100 (hora estándar de Europa central)
[debug] [2023-11-29T09:48:05.197Z] ----------------------------------------------------------------------
[debug] 
[debug] [2023-11-29T09:48:05.204Z] > command requires scopes: ["email","openid","https://www.googleapis.com/auth/cloudplatformprojects.readonly","https://www.googleapis.com/auth/firebase","https://www.googleapis.com/auth/cloud-platform"]
[debug] [2023-11-29T09:48:05.205Z] > authorizing via signed-in user (phygitalbcnstudio@gmail.com)
[info] 
     ######## #### ########  ######## ########     ###     ######  ########
     ##        ##  ##     ## ##       ##     ##  ##   ##  ##       ##
     ######    ##  ########  ######   ########  #########  ######  ######
     ##        ##  ##    ##  ##       ##     ## ##     ##       ## ##
     ##       #### ##     ## ######## ########  ##     ##  ######  ########

You're about to initialize a Firebase project in this directory:

  C:\Users\Sergi\Desktop\ProjectGame\mobile-form

[info] 
=== Project Setup
[info] 
[info] First, let's associate this project directory with a Firebase project.
[info] You can create multiple project aliases by running firebase use --add, 
[info] but for now we'll just set up a default project.
[info] 
[debug] [2023-11-29T09:48:15.371Z] >>> [apiv2][query] GET https://firebase.googleapis.com/v1beta1/projects pageSize=100
[debug] [2023-11-29T09:48:16.219Z] <<< [apiv2][status] GET https://firebase.googleapis.com/v1beta1/projects 200
[debug] [2023-11-29T09:48:16.219Z] <<< [apiv2][body] GET https://firebase.googleapis.com/v1beta1/projects [omitted]
[info] i  Using project mobilfront-e2dc3 (mobilFront) 
[info] 
=== Hosting Setup
[debug] [2023-11-29T09:48:20.694Z] >>> [apiv2][query] GET https://firebase.googleapis.com/v1beta1/projects/mobilfront-e2dc3 [none]
[debug] [2023-11-29T09:48:20.982Z] <<< [apiv2][status] GET https://firebase.googleapis.com/v1beta1/projects/mobilfront-e2dc3 200
[debug] [2023-11-29T09:48:20.983Z] <<< [apiv2][body] GET https://firebase.googleapis.com/v1beta1/projects/mobilfront-e2dc3 {"projectId":"mobilfront-e2dc3","projectNumber":"481538460651","displayName":"mobilFront","name":"projects/mobilfront-e2dc3","resources":{"hostingSite":"mobilfront-e2dc3"},"state":"ACTIVE","etag":"1_7b24dc33-0378-49fd-8a35-fde35724d477"}
[info] 
[info] Your public directory is the folder (relative to your project directory) that
[info] will contain Hosting assets to be uploaded with firebase deploy. If you
[info] have a build process for your assets, use your build's output directory.
[info] 
[debug] [2023-11-29T09:48:36.509Z] >>> [apiv2][query] GET https://www.gstatic.com/firebasejs/releases.json [none]
[debug] [2023-11-29T09:48:36.596Z] <<< [apiv2][status] GET https://www.gstatic.com/firebasejs/releases.json 200
[debug] [2023-11-29T09:48:36.596Z] <<< [apiv2][body] GET https://www.gstatic.com/firebasejs/releases.json {"current":{"version":"10.7.0","browserURL":"https://www.gstatic.com/firebasejs/10.7.0/firebase.js","packageURL":"https://www.gstatic.com/firebasejs/10.7.0/firebase.tgz"},"live":{"version":"10.7","browserURL":"https://www.gstatic.com/firebasejs/live/10.7/firebase.js","packageURL":"https://www.gstatic.com/firebasejs/live/10.7/firebase.tgz"},"components":{"analytics":"https://www.gstatic.com/firebasejs/10.7.0/firebase-analytics.js","app":"https://www.gstatic.com/firebasejs/10.7.0/firebase-app.js","app-check":"https://www.gstatic.com/firebasejs/10.7.0/firebase-app-check.js","auth":"https://www.gstatic.com/firebasejs/10.7.0/firebase-auth.js","auth/cordova":"https://www.gstatic.com/firebasejs/10.7.0/firebase-auth/cordova.js","functions":"https://www.gstatic.com/firebasejs/10.7.0/firebase-functions.js","firestore":"https://www.gstatic.com/firebasejs/10.7.0/firebase-firestore.js","firestore/lite":"https://www.gstatic.com/firebasejs/10.7.0/firebase-firestore/lite.js","installations":"https://www.gstatic.com/firebasejs/10.7.0/firebase-installations.js","storage":"https://www.gstatic.com/firebasejs/10.7.0/firebase-storage.js","performance":"https://www.gstatic.com/firebasejs/10.7.0/firebase-performance.js","remote-config":"https://www.gstatic.com/firebasejs/10.7.0/firebase-remote-config.js","messaging":"https://www.gstatic.com/firebasejs/10.7.0/firebase-messaging.js","messaging/sw":"https://www.gstatic.com/firebasejs/10.7.0/firebase-messaging/sw.js","database":"https://www.gstatic.com/firebasejs/10.7.0/firebase-database.js","firestore.memory":"https://www.gstatic.com/firebasejs/10.7.0/firebase-firestore.memory.js"}}
[info] i  Skipping write of public/index.html 
[info] 
[info] i  Detected a .git folder at C:\Users\Sergi\Desktop\ProjectGame\mobile-form 
[info] i  Authorizing with GitHub to upload your service account to a GitHub repository's secrets store. 
[info] 
[info] Visit this URL on this device to log in:
[info] https://github.com/login/oauth/authorize?client_id=89cf50f02ac6aaed3484&state=463876586&redirect_uri=http%3A%2F%2Flocalhost%3A9005&scope=read%3Auser%20repo%20public_repo
[info] 
[info] Waiting for authentication...
[debug] [2023-11-29T09:48:41.683Z] >>> [apiv2][query] POST https://github.com/login/oauth/access_token [none]
[debug] [2023-11-29T09:48:41.683Z] >>> [apiv2][body] POST https://github.com/login/oauth/access_token [stream]
[debug] [2023-11-29T09:48:42.164Z] <<< [apiv2][status] POST https://github.com/login/oauth/access_token 200
[debug] [2023-11-29T09:48:42.164Z] <<< [apiv2][body] POST https://github.com/login/oauth/access_token {"access_token":"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","token_type":"bearer","scope":"read:user,repo"}
[debug] [2023-11-29T09:48:42.175Z] >>> [apiv2][query] GET https://api.github.com/user [none]
[debug] [2023-11-29T09:48:42.522Z] <<< [apiv2][status] GET https://api.github.com/user 200
[debug] [2023-11-29T09:48:42.522Z] <<< [apiv2][body] GET https://api.github.com/user {"login":"rengi46","id":51119403,"node_id":"MDQ6VXNlcjUxMTE5NDAz","avatar_url":"https://avatars.githubusercontent.com/u/51119403?v=4","gravatar_id":"","url":"https://api.github.com/users/rengi46","html_url":"https://github.com/rengi46","followers_url":"https://api.github.com/users/rengi46/followers","following_url":"https://api.github.com/users/rengi46/following{/other_user}","gists_url":"https://api.github.com/users/rengi46/gists{/gist_id}","starred_url":"https://api.github.com/users/rengi46/starred{/owner}{/repo}","subscriptions_url":"https://api.github.com/users/rengi46/subscriptions","organizations_url":"https://api.github.com/users/rengi46/orgs","repos_url":"https://api.github.com/users/rengi46/repos","events_url":"https://api.github.com/users/rengi46/events{/privacy}","received_events_url":"https://api.github.com/users/rengi46/received_events","type":"User","site_admin":false,"name":"Roger","company":null,"blog":"","location":null,"email":null,"hireable":null,"bio":"Full stack developer","twitter_username":null,"public_repos":35,"public_gists":0,"followers":0,"following":0,"created_at":"2019-05-28T11:13:57Z","updated_at":"2023-11-28T11:38:47Z","private_gists":0,"total_private_repos":7,"owned_private_repos":7,"disk_usage":154144,"collaborators":1,"two_factor_authentication":false,"plan":{"name":"free","space":976562499,"collaborators":0,"private_repos":10000}}
[info] 
[info] +  Success! Logged into GitHub as rengi46 
[info] 
[debug] [2023-11-29T09:48:54.604Z] >>> [apiv2][query] GET https://api.github.com/repos/user/actions/secrets/public-key type=owner
[debug] [2023-11-29T09:48:54.914Z] <<< [apiv2][status] GET https://api.github.com/repos/user/actions/secrets/public-key 404
[debug] [2023-11-29T09:48:54.914Z] <<< [apiv2][body] GET https://api.github.com/repos/user/actions/secrets/public-key {"message":"Not Found","documentation_url":"https://docs.github.com/rest"}
[info] 
[info] 
[error] !  The provided authorization cannot be used with this repository. If this repository is in an organization, did you remember to grant access? 
[info] 
[info] i  Action required: Visit this URL to ensure access has been granted to the appropriate organization(s) for the Firebase CLI GitHub OAuth App: 
[info] https://github.com/settings/connections/applications/89cf50f02ac6aaed3484
[info] 
[debug] [2023-11-29T09:48:58.116Z] >>> [apiv2][query] GET https://api.github.com/repos/user/actions/secrets/public-key type=owner
[debug] [2023-11-29T09:48:58.376Z] <<< [apiv2][status] GET https://api.github.com/repos/user/actions/secrets/public-key 404
[debug] [2023-11-29T09:48:58.376Z] <<< [apiv2][body] GET https://api.github.com/repos/user/actions/secrets/public-key {"message":"Not Found","documentation_url":"https://docs.github.com/rest"}
[info] 
[info] 
[error] !  The provided authorization cannot be used with this repository. If this repository is in an organization, did you remember to grant access? 
[info] 
[info] i  Action required: Visit this URL to ensure access has been granted to the appropriate organization(s) for the Firebase CLI GitHub OAuth App: 
[info] https://github.com/settings/connections/applications/89cf50f02ac6aaed3484
[info] 
[debug] [2023-11-29T09:49:01.532Z] >>> [apiv2][query] GET https://api.github.com/repos//actions/secrets/public-key type=owner
[debug] [2023-11-29T09:49:01.845Z] <<< [apiv2][status] GET https://api.github.com/repos//actions/secrets/public-key 404
[debug] [2023-11-29T09:49:01.846Z] <<< [apiv2][body] GET https://api.github.com/repos//actions/secrets/public-key {"message":"Not Found","documentation_url":"https://docs.github.com/rest"}
[info] 
[info] 
[error] !  The provided authorization cannot be used with this repository. If this repository is in an organization, did you remember to grant access? 
[info] 
[info] i  Action required: Visit this URL to ensure access has been granted to the appropriate organization(s) for the Firebase CLI GitHub OAuth App: 
[info] https://github.com/settings/connections/applications/89cf50f02ac6aaed3484
[info] 
